<?xml version="1.0" encoding="UTF-8"?>
<coverage generated="1513357635">
  <project timestamp="1513357635">
    <package name="thiagoalessio\TesseractOCR">
      <file name="/code/src/Command.php">
        <class name="thiagoalessio\TesseractOCR\Command" namespace="thiagoalessio\TesseractOCR">
          <metrics complexity="6" methods="4" coveredmethods="4" conditionals="0" coveredconditionals="0" statements="10" coveredstatements="10" elements="14" coveredelements="14"/>
        </class>
        <line num="5" type="method" name="build" visibility="public" complexity="2" crap="2" count="13"/>
        <line num="7" type="stmt" count="13"/>
        <line num="8" type="stmt" count="13"/>
        <line num="9" type="stmt" count="13"/>
        <line num="10" type="stmt" count="13"/>
        <line num="13" type="method" name="isVersion303" visibility="private" complexity="2" crap="2" count="13"/>
        <line num="15" type="stmt" count="13"/>
        <line num="16" type="stmt" count="13"/>
        <line num="17" type="stmt" count="13"/>
        <line num="20" type="method" name="getTesseractVersion" visibility="private" complexity="1" crap="1" count="13"/>
        <line num="22" type="stmt" count="13"/>
        <line num="23" type="stmt" count="13"/>
        <line num="26" type="method" name="escape" visibility="private" complexity="1" crap="1" count="13"/>
        <line num="28" type="stmt" count="13"/>
        <metrics loc="30" ncloc="30" classes="1" methods="4" coveredmethods="4" conditionals="0" coveredconditionals="0" statements="10" coveredstatements="10" elements="14" coveredelements="14"/>
      </file>
      <file name="/code/src/TesseractOCR.php">
        <class name="thiagoalessio\TesseractOCR\TesseractOCR" namespace="thiagoalessio\TesseractOCR">
          <metrics complexity="11" methods="9" coveredmethods="8" conditionals="0" coveredconditionals="0" statements="21" coveredstatements="19" elements="30" coveredelements="27"/>
        </class>
        <line num="9" type="method" name="__construct" visibility="public" complexity="1" crap="1" count="13"/>
        <line num="11" type="stmt" count="13"/>
        <line num="12" type="stmt" count="13"/>
        <line num="14" type="method" name="run" visibility="public" complexity="1" crap="2" count="0"/>
        <line num="16" type="stmt" count="0"/>
        <line num="17" type="stmt" count="0"/>
        <line num="20" type="method" name="buildCommand" visibility="public" complexity="1" crap="1" count="13"/>
        <line num="22" type="stmt" count="13"/>
        <line num="25" type="method" name="executable" visibility="public" complexity="1" crap="1" count="2"/>
        <line num="27" type="stmt" count="2"/>
        <line num="28" type="stmt" count="2"/>
        <line num="31" type="method" name="__call" visibility="public" complexity="3" crap="3" count="10"/>
        <line num="33" type="stmt" count="10"/>
        <line num="34" type="stmt" count="1"/>
        <line num="35" type="stmt" count="1"/>
        <line num="36" type="stmt" count="1"/>
        <line num="38" type="stmt" count="9"/>
        <line num="39" type="stmt" count="8"/>
        <line num="40" type="stmt" count="8"/>
        <line num="41" type="stmt" count="8"/>
        <line num="43" type="stmt" count="1"/>
        <line num="44" type="stmt" count="1"/>
        <line num="47" type="method" name="isShortcut" visibility="private" complexity="1" crap="1" count="10"/>
        <line num="49" type="stmt" count="10"/>
        <line num="52" type="method" name="getShortcutClassName" visibility="private" complexity="1" crap="1" count="10"/>
        <line num="54" type="stmt" count="10"/>
        <line num="57" type="method" name="isOption" visibility="private" complexity="1" crap="1" count="9"/>
        <line num="59" type="stmt" count="9"/>
        <line num="62" type="method" name="getOptionClassName" visibility="private" complexity="1" crap="1" count="9"/>
        <line num="64" type="stmt" count="9"/>
        <metrics loc="66" ncloc="66" classes="1" methods="9" coveredmethods="8" conditionals="0" coveredconditionals="0" statements="21" coveredstatements="19" elements="30" coveredelements="27"/>
      </file>
    </package>
    <package name="thiagoalessio\TesseractOCR\Option">
      <file name="/code/src/Option/Config.php">
        <class name="thiagoalessio\TesseractOCR\Option\Config" namespace="thiagoalessio\TesseractOCR\Option">
          <metrics complexity="3" methods="3" coveredmethods="3" conditionals="0" coveredconditionals="0" statements="6" coveredstatements="6" elements="9" coveredelements="9"/>
        </class>
        <line num="5" type="method" name="__construct" visibility="public" complexity="1" crap="1" count="3"/>
        <line num="7" type="stmt" count="3"/>
        <line num="8" type="stmt" count="3"/>
        <line num="9" type="stmt" count="3"/>
        <line num="11" type="method" name="__toString" visibility="public" complexity="1" crap="1" count="3"/>
        <line num="13" type="stmt" count="3"/>
        <line num="14" type="stmt" count="3"/>
        <line num="17" type="method" name="toSnakeCase" visibility="private" complexity="1" crap="1" count="3"/>
        <line num="19" type="stmt" count="3"/>
        <metrics loc="21" ncloc="21" classes="1" methods="3" coveredmethods="3" conditionals="0" coveredconditionals="0" statements="6" coveredstatements="6" elements="9" coveredelements="9"/>
      </file>
      <file name="/code/src/Option/Lang.php">
        <class name="thiagoalessio\TesseractOCR\Option\Lang" namespace="thiagoalessio\TesseractOCR\Option">
          <metrics complexity="2" methods="2" coveredmethods="2" conditionals="0" coveredconditionals="0" statements="3" coveredstatements="3" elements="5" coveredelements="5"/>
        </class>
        <line num="5" type="method" name="__construct" visibility="public" complexity="1" crap="1" count="2"/>
        <line num="7" type="stmt" count="2"/>
        <line num="8" type="stmt" count="2"/>
        <line num="10" type="method" name="__toString" visibility="public" complexity="1" crap="1" count="2"/>
        <line num="12" type="stmt" count="2"/>
        <metrics loc="14" ncloc="14" classes="1" methods="2" coveredmethods="2" conditionals="0" coveredconditionals="0" statements="3" coveredstatements="3" elements="5" coveredelements="5"/>
      </file>
      <file name="/code/src/Option/Psm.php">
        <class name="thiagoalessio\TesseractOCR\Option\Psm" namespace="thiagoalessio\TesseractOCR\Option">
          <metrics complexity="2" methods="2" coveredmethods="2" conditionals="0" coveredconditionals="0" statements="3" coveredstatements="3" elements="5" coveredelements="5"/>
        </class>
        <line num="5" type="method" name="__construct" visibility="public" complexity="1" crap="1" count="2"/>
        <line num="7" type="stmt" count="2"/>
        <line num="8" type="stmt" count="2"/>
        <line num="10" type="method" name="__toString" visibility="public" complexity="1" crap="1" count="2"/>
        <line num="12" type="stmt" count="2"/>
        <metrics loc="14" ncloc="14" classes="1" methods="2" coveredmethods="2" conditionals="0" coveredconditionals="0" statements="3" coveredstatements="3" elements="5" coveredelements="5"/>
      </file>
      <file name="/code/src/Option/TessdataDir.php">
        <class name="thiagoalessio\TesseractOCR\Option\TessdataDir" namespace="thiagoalessio\TesseractOCR\Option">
          <metrics complexity="2" methods="2" coveredmethods="2" conditionals="0" coveredconditionals="0" statements="3" coveredstatements="3" elements="5" coveredelements="5"/>
        </class>
        <line num="5" type="method" name="__construct" visibility="public" complexity="1" crap="1" count="1"/>
        <line num="7" type="stmt" count="1"/>
        <line num="8" type="stmt" count="1"/>
        <line num="10" type="method" name="__toString" visibility="public" complexity="1" crap="1" count="1"/>
        <line num="12" type="stmt" count="1"/>
        <metrics loc="14" ncloc="14" classes="1" methods="2" coveredmethods="2" conditionals="0" coveredconditionals="0" statements="3" coveredstatements="3" elements="5" coveredelements="5"/>
      </file>
      <file name="/code/src/Option/UserPatterns.php">
        <class name="thiagoalessio\TesseractOCR\Option\UserPatterns" namespace="thiagoalessio\TesseractOCR\Option">
          <metrics complexity="2" methods="2" coveredmethods="2" conditionals="0" coveredconditionals="0" statements="3" coveredstatements="3" elements="5" coveredelements="5"/>
        </class>
        <line num="5" type="method" name="__construct" visibility="public" complexity="1" crap="1" count="1"/>
        <line num="7" type="stmt" count="1"/>
        <line num="8" type="stmt" count="1"/>
        <line num="10" type="method" name="__toString" visibility="public" complexity="1" crap="1" count="1"/>
        <line num="12" type="stmt" count="1"/>
        <metrics loc="14" ncloc="14" classes="1" methods="2" coveredmethods="2" conditionals="0" coveredconditionals="0" statements="3" coveredstatements="3" elements="5" coveredelements="5"/>
      </file>
      <file name="/code/src/Option/UserWords.php">
        <class name="thiagoalessio\TesseractOCR\Option\UserWords" namespace="thiagoalessio\TesseractOCR\Option">
          <metrics complexity="2" methods="2" coveredmethods="2" conditionals="0" coveredconditionals="0" statements="3" coveredstatements="3" elements="5" coveredelements="5"/>
        </class>
        <line num="5" type="method" name="__construct" visibility="public" complexity="1" crap="1" count="1"/>
        <line num="7" type="stmt" count="1"/>
        <line num="8" type="stmt" count="1"/>
        <line num="10" type="method" name="__toString" visibility="public" complexity="1" crap="1" count="1"/>
        <line num="12" type="stmt" count="1"/>
        <metrics loc="14" ncloc="14" classes="1" methods="2" coveredmethods="2" conditionals="0" coveredconditionals="0" statements="3" coveredstatements="3" elements="5" coveredelements="5"/>
      </file>
    </package>
    <package name="thiagoalessio\TesseractOCR\Shortcut">
      <file name="/code/src/Shortcut/Whitelist.php">
        <class name="thiagoalessio\TesseractOCR\Shortcut\Whitelist" namespace="thiagoalessio\TesseractOCR\Shortcut">
          <metrics complexity="3" methods="1" coveredmethods="1" conditionals="0" coveredconditionals="0" statements="4" coveredstatements="4" elements="5" coveredelements="5"/>
        </class>
        <line num="7" type="method" name="buildOption" visibility="public" complexity="3" crap="3" count="1"/>
        <line num="9" type="stmt" count="1"/>
        <line num="10" type="stmt" count="1"/>
        <line num="11" type="stmt" count="1"/>
        <line num="13" type="stmt" count="1"/>
        <metrics loc="15" ncloc="15" classes="1" methods="1" coveredmethods="1" conditionals="0" coveredconditionals="0" statements="4" coveredstatements="4" elements="5" coveredelements="5"/>
      </file>
    </package>
    <metrics files="9" loc="202" ncloc="202" classes="9" methods="27" coveredmethods="26" conditionals="0" coveredconditionals="0" statements="56" coveredstatements="54" elements="83" coveredelements="80"/>
  </project>
</coverage>
